*** Using Compiler 'V5.06 update 7 (build 960)', folder: 'D:\mdk\ARM\ARMCC\Bin'
Build target 'Infantry_Board1'
assembling startup_stm32h743xx.s...
compiling stm32h7xx_hal_pcd_ex.c...
compiling stm32h7xx_hal_pcd.c...
compiling memorymap.c...
compiling tim.c...
compiling rtc.c...
compiling dma.c...
compiling fdcan.c...
compiling usart.c...
compiling stm32h7xx_ll_usb.c...
compiling freertos.c...
compiling main.c...
compiling stm32h7xx_hal_rcc.c...
compiling stm32h7xx_hal_mdma.c...
compiling stm32h7xx_hal_gpio.c...
compiling stm32h7xx_hal_cortex.c...
compiling stm32h7xx_hal.c...
compiling stm32h7xx_hal_pwr.c...
compiling stm32h7xx_hal_hsem.c...
compiling stm32h7xx_hal_flash_ex.c...
compiling stm32h7xx_hal_flash.c...
compiling stm32h7xx_hal_dma_ex.c...
compiling stm32h7xx_hal_rcc_ex.c...
compiling stm32h7xx_hal_pwr_ex.c...
compiling event_groups.c...
compiling stm32h7xx_hal_dma.c...
compiling croutine.c...
compiling list.c...
compiling queue.c...
compiling stream_buffer.c...
compiling tasks.c...
compiling timers.c...
compiling cmsis_os.c...
compiling heap_4.c...
compiling port.c...
compiling gpio.c...
compiling stm32h7xx_hal_msp.c...
compiling stm32h7xx_hal_i2c_ex.c...
compiling stm32h7xx_hal_rtc.c...
compiling stm32h7xx_it.c...
compiling SpeedRamp.c...
compiling user_lib.c...
compiling stm32h7xx_hal_rtc_ex.c...
compiling stm32h7xx_hal_tim_ex.c...
compiling stm32h7xx_hal_exti.c...
compiling stm32h7xx_hal_uart_ex.c...
compiling stm32h7xx_hal_tim.c...
compiling stm32h7xx_hal_fdcan.c...
compiling stm32h7xx_hal_i2c.c...
compiling system_stm32h7xx.c...
compiling stm32h7xx_hal_uart.c...
compiling FeedForward.c...
..\Algorithm\Algorithm.c\FeedForward.c(79): warning:  #550-D: variable "exp1"  was set but never used
  	float exp1,exp2, exp3, exp4;
..\Algorithm\Algorithm.c\FeedForward.c(79): warning:  #550-D: variable "exp2"  was set but never used
  	float exp1,exp2, exp3, exp4;
..\Algorithm\Algorithm.c\FeedForward.c(79): warning:  #177-D: variable "exp3"  was declared but never referenced
  	float exp1,exp2, exp3, exp4;
..\Algorithm\Algorithm.c\FeedForward.c: 3 warnings, 0 errors
compiling FuzzyPID.c...
..\Algorithm\Algorithm.c\FuzzyPID.c(200): warning:  #1-D: last line of file ends without a newline
  }
..\Algorithm\Algorithm.c\FuzzyPID.c: 1 warning, 0 errors
compiling kalman_filter.c...
..\Algorithm\Algorithm.c\kalman_filter.c(169): warning:  #940-D: missing return statement at end of non-void function "Two_Kalman_Filter_Calc" 
  }
..\Algorithm\Algorithm.c\kalman_filter.c: 1 warning, 0 errors
compiling CRC.c...
..\Protocol\Protocol.c\CRC.c(117): warning:  #223-D: function "sprintf" declared implicitly
      sprintf(data, "%d", i);
..\Protocol\Protocol.c\CRC.c(118): warning:  #223-D: function "strcpy" declared implicitly
      strcpy(Data, data);
..\Protocol\Protocol.c\CRC.c: 2 warnings, 0 errors
compiling pid.c...
..\Algorithm\Algorithm.c\pid.c(77): warning:  #177-D: variable "network_kp"  was declared but never referenced
  		float network_kp;
..\Algorithm\Algorithm.c\pid.c(78): warning:  #177-D: variable "network_ki"  was declared but never referenced
  		float network_ki;
..\Algorithm\Algorithm.c\pid.c(79): warning:  #177-D: variable "network_kd"  was declared but never referenced
  		float network_kd;
..\Algorithm\Algorithm.c\pid.c(80): warning:  #550-D: variable "delta_error"  was set but never used
  	  float delta_error;
..\Algorithm\Algorithm.c\pid.c: 4 warnings, 0 errors
compiling BSP_Delay.c...
compiling BSP_Fdcan.c...
compiling M6020_Motor.c...
compiling Protocol_UpperComuter.c...
..\Protocol\Protocol.c\Protocol_UpperComuter.c(103): warning:  #1035-D: single-precision operand implicitly converted to double-precision
  		  Auto_Aim_Yaw = AutoYaw * Test_Yaw_SEN; //将原始数据映射到电机编码值（8192）		
..\Protocol\Protocol.c\Protocol_UpperComuter.c(104): warning:  #1035-D: single-precision operand implicitly converted to double-precision
  		  Auto_Aim_Pitch = AutoPitch * Test_Pitch_SEN;       //将原始数据映射到电机编码值（8192）
..\Protocol\Protocol.c\Protocol_UpperComuter.c: 2 warnings, 0 errors
compiling BSP_BoardCommunication.c...
compiling Saber_C3.c...
..\Devices\Devices.c\Saber_C3.c(21): warning:  #223-D: function "memcpy" declared implicitly
  static float R4(uint8_t *p) {float r; memcpy(&r, p, 4); return r;}
..\Devices\Devices.c\Saber_C3.c: 1 warning, 0 errors
compiling M3508_Motor.c...
compiling BSP_Test.c...
compiling BSP_Usart.c...
compiling SBUS.c...
compiling DT7.c...
compiling Time_Stamp.c...
compiling usb_device.c...
compiling FrictionWheel.c...
compiling Dial.c...
compiling usbd_desc.c...
compiling Cloud_Control.c...
..\APPs\APPs.c\Cloud_Control.c(30): warning:  #177-D: variable "filtered_angle_err_pitch"  was declared but never referenced
  static float filtered_angle_err_pitch = 0;  // 上一次滤波后的角度误差
..\APPs\APPs.c\Cloud_Control.c: 1 warning, 0 errors
compiling Task_CommunicateWithPC.c...
../Protocol/Protocol.h/BSP_BoardCommunication.h(68): warning:  #3135-D: attribute does not apply to any entity
          __packed struct
..\Tasks\Tasks.c\Task_CommunicateWithPC.c: 1 warning, 0 errors
compiling Task_FdcanReceive.c...
compiling Task_FdcanSend.c...
compiling Task_OfflineCheck.c...
compiling Task_RobotControl.c...
compiling Shoot.c...
compiling Task_DT7.c...
compiling usbd_cdc_if.c...
compiling usbd_ioreq.c...
compiling usbd_ctlreq.c...
compiling usbd_cdc.c...
compiling usbd_conf.c...
compiling M2006_Motor.c...
compiling usbd_core.c...
linking...
Program Size: Code=54224 RO-data=2636 RW-data=752 ZI-data=36576  
FromELF: creating hex file...
"Infantry_Board1\Infantry_Board1.axf" - 0 Error(s), 16 Warning(s).
Build Time Elapsed:  00:02:52
