*** Using Compiler 'V5.06 update 7 (build 960)', folder: 'D:\mdk\ARM\ARMCC\Bin'
Build target 'Hero_board1_SJW'
compiling BSP_Usart.c...
compiling Task_CanSend.c...
compiling J4340_Motor.c...
compiling Shoot.c...
compiling FeedForward.c...
compiling Task_CommunicateWithPC.c...
compiling Dial.c...
compiling freertos.c...
compiling Cloud_Control.c...
compiling Protocol_UpperComputer.c...
compiling Task_RobotControl.c...
compiling Task_CanReceive.c...
compiling DT7.c...
compiling Task_DT7.c...
compiling FrictionWheel.c...
compiling Task_J4310_onlineCheck.c...
linking...
Program Size: Code=34812 RO-data=2352 RW-data=728 ZI-data=27584  
FromELF: creating hex file...
".\Hero_board1_SJW\Hero_board1_SJW.axf" - 0 Error(s), 0 Warning(s).
Build Time Elapsed:  00:04:18
