*** Using Compiler 'V5.06 update 7 (build 960)', folder: 'D:\Keil5\ARM\ARM_Compiler5\Bin'
Rebuild target 'Chassis_Hero'
assembling startup_stm32h743xx.s...
compiling stm32h7xx_hal_msp.c...
compiling fdcan.c...
compiling gpio.c...
compiling dma.c...
compiling main.c...
compiling freertos.c...
compiling usbd_cdc_if.c...
compiling usart.c...
compiling tim.c...
compiling usb_device.c...
compiling stm32h7xx_hal_timebase_tim.c...
compiling memorymap.c...
compiling usbd_desc.c...
compiling usbd_conf.c...
compiling stm32h7xx_it.c...
compiling stm32h7xx_hal_pcd_ex.c...
compiling stm32h7xx_hal_pcd.c...
compiling stm32h7xx_hal_rcc.c...
compiling stm32h7xx_ll_usb.c...
compiling stm32h7xx_hal_gpio.c...
compiling stm32h7xx_hal_rcc_ex.c...
compiling stm32h7xx_hal_flash.c...
compiling stm32h7xx_hal_flash_ex.c...
compiling stm32h7xx_hal_hsem.c...
compiling stm32h7xx_hal_pwr.c...
compiling stm32h7xx_hal_dma_ex.c...
compiling stm32h7xx_hal_cortex.c...
compiling stm32h7xx_hal_pwr_ex.c...
compiling stm32h7xx_hal.c...
compiling stm32h7xx_hal_i2c_ex.c...
compiling stm32h7xx_hal_mdma.c...
compiling stm32h7xx_hal_dma.c...
compiling stm32h7xx_hal_exti.c...
compiling croutine.c...
compiling event_groups.c...
compiling list.c...
compiling stm32h7xx_hal_i2c.c...
compiling timers.c...
compiling stream_buffer.c...
compiling queue.c...
compiling stm32h7xx_hal_tim_ex.c...
compiling system_stm32h7xx.c...
compiling stm32h7xx_hal_fdcan.c...
compiling tasks.c...
compiling stm32h7xx_hal_uart_ex.c...
compiling heap_4.c...
compiling stm32h7xx_hal_uart.c...
compiling cmsis_os.c...
compiling stm32h7xx_hal_tim.c...
compiling port.c...
compiling usbd_core.c...
compiling usbd_ctlreq.c...
compiling usbd_ioreq.c...
compiling usbd_cdc.c...
compiling bsp_usart.c...
compiling bsp_saber.c...
compiling motor.c...
compiling BoardCommunication.c...
compiling bsp_fdcan.c...
compiling SBUS.c...
compiling DT7.c...
..\devices\DT7.c(316): warning:  #177-D: variable "RampRate_ForwardBack"  was declared but never referenced
  static int RampRate_ForwardBack = 30;              //斜坡函数叠加值
..\devices\DT7.c(317): warning:  #177-D: variable "RampRate_LeftRight"  was declared but never referenced
  static int RampRate_LeftRight = 30;              //斜坡函数叠加值
..\devices\DT7.c(321): warning:  #177-D: variable "Q_Lock"  was declared but never referenced
  static int Q_Lock=0;
..\devices\DT7.c(322): warning:  #177-D: variable "E_Lock"  was declared but never referenced
  static int E_Lock=0;
..\devices\DT7.c(323): warning:  #177-D: variable "F_Lock"  was declared but never referenced
  static int F_Lock=0;
..\devices\DT7.c(324): warning:  #177-D: variable "ctrl_Lock"  was declared but never referenced
  static int ctrl_Lock=0;
..\devices\DT7.c(325): warning:  #177-D: variable "add_Q"  was declared but never referenced
  static int add_Q = 0;
..\devices\DT7.c(326): warning:  #177-D: variable "add_E"  was declared but never referenced
  static int add_E = 0;
..\devices\DT7.c: 8 warnings, 0 errors
compiling PowerControl.c...
compiling OffLineCheck.c...
compiling RobotControl.c...
compiling task_init.c...
compiling SpeedRamp.c...
compiling climb_stair.c...
compiling chassis.c...
compiling CloudControl.c...
compiling fuzzy_pid.c...
compiling kalman_filter.c...
compiling BasicMathFunctionsF16.c...
compiling BayesFunctions.c...
compiling BayesFunctionsF16.c...
compiling pid.c...
compiling CRC.c...
compiling Protocol_UpperComputer.c...
compiling BasicMathFunctions.c...
compiling CommonTablesF16.c...
compiling ComplexMathFunctions.c...
compiling Protocol_Judgement.c...
compiling UI.c...
compiling ComplexMathFunctionsF16.c...
compiling DistanceFunctionsF16.c...
compiling FastMathFunctionsF16.c...
D:/Keil5/Packs/ARM/CMSIS-DSP/1.16.2/Source/FastMathFunctions/arm_vexp_f16.c(95): warning:  #1-D: last line of file ends without a newline
   */
D:/Keil5/Packs/ARM/CMSIS-DSP/1.16.2/Source/FastMathFunctions/FastMathFunctionsF16.c: 1 warning, 0 errors
compiling ControllerFunctions.c...
compiling DistanceFunctions.c...
D:/Keil5/Packs/ARM/CMSIS-DSP/1.16.2/Source/DistanceFunctions/DistanceFunctions.c(54): warning:  #1-D: last line of file ends without a newline
  #include "arm_dtw_init_window_q7.c"
D:/Keil5/Packs/ARM/CMSIS-DSP/1.16.2/Source/DistanceFunctions/DistanceFunctions.c: 1 warning, 0 errors
compiling FastMathFunctions.c...
D:/Keil5/Packs/ARM/CMSIS-DSP/1.16.2/Source/FastMathFunctions/arm_vexp_f32.c(122): warning:  #1-D: last line of file ends without a newline
   */
D:/Keil5/Packs/ARM/CMSIS-DSP/1.16.2/Source/FastMathFunctions/FastMathFunctions.c: 1 warning, 0 errors
compiling FilteringFunctionsF16.c...
compiling InterpolationFunctionsF16.c...
compiling InterpolationFunctions.c...
compiling CommonTables.c...
compiling SVMFunctions.c...
compiling MatrixFunctionsF16.c...
D:/Keil5/Packs/ARM/CMSIS-DSP/1.16.2/Source/MatrixFunctions/MatrixFunctionsF16.c(43): warning:  #1-D: last line of file ends without a newline
  #include "arm_householder_f16.c"
D:/Keil5/Packs/ARM/CMSIS-DSP/1.16.2/Source/MatrixFunctions/MatrixFunctionsF16.c: 1 warning, 0 errors
compiling QuaternionMathFunctions.c...
compiling SVMFunctionsF16.c...
compiling StatisticsFunctions.c...
compiling StatisticsFunctionsF16.c...
compiling SupportFunctionsF16.c...
compiling TransformFunctionsF16.c...
D:/Keil5/Packs/ARM/CMSIS-DSP/1.16.2/Source/TransformFunctions/arm_cfft_init_f16.c(354): warning:  #1-D: last line of file ends without a newline
   */
D:/Keil5/Packs/ARM/CMSIS-DSP/1.16.2/Source/TransformFunctions/TransformFunctionsF16.c: 1 warning, 0 errors
compiling MatrixFunctions.c...
compiling SupportFunctions.c...
compiling WindowFunctions.c...
compiling FilteringFunctions.c...
compiling TransformFunctions.c...
D:/Keil5/Packs/ARM/CMSIS-DSP/1.16.2/Source/TransformFunctions/arm_cfft_init_f64.c(286): warning:  #1-D: last line of file ends without a newline
   */
D:/Keil5/Packs/ARM/CMSIS-DSP/1.16.2/Source/TransformFunctions/arm_cfft_init_q15.c(338): warning:  #1-D: last line of file ends without a newline
   */
D:/Keil5/Packs/ARM/CMSIS-DSP/1.16.2/Source/TransformFunctions/arm_cfft_init_q31.c(341): warning:  #1-D: last line of file ends without a newline
   */
D:/Keil5/Packs/ARM/CMSIS-DSP/1.16.2/Source/TransformFunctions/arm_rfft_fast_init_f32.c(312): warning:  #111-D: statement is unreachable
      break;
D:/Keil5/Packs/ARM/CMSIS-DSP/1.16.2/Source/TransformFunctions/arm_rfft_fast_init_f64.c(316): warning:  #111-D: statement is unreachable
      break;
D:/Keil5/Packs/ARM/CMSIS-DSP/1.16.2/Source/TransformFunctions/TransformFunctions.c: 5 warnings, 0 errors
linking...
Program Size: Code=55260 RO-data=2588 RW-data=668 ZI-data=30420  
FromELF: creating hex file...
".\Chassis_Hero\Chassis_Hero.axf" - 0 Error(s), 18 Warning(s).
Build Time Elapsed:  00:00:07
